#
# There is insufficient memory for the Java Runtime Environment to continue.
# Native memory allocation (malloc) failed to allocate 1048576 bytes for AllocateHeap
# Possible reasons:
#   The system is out of physical RAM or swap space
#   In 32 bit mode, the process size limit was hit
# Possible solutions:
#   Reduce memory load on the system
#   Increase physical memory or swap space
#   Check if swap backing store is full
#   Use 64 bit Java on a 64 bit OS
#   Decrease Java heap size (-Xmx/-Xms)
#   Decrease number of Java threads
#   Decrease Java thread stack sizes (-Xss)
#   Set larger code cache with -XX:ReservedCodeCacheSize=
# This output file may be truncated or incomplete.
#
#  Out of Memory Error (memory/allocation.inline.hpp:61), pid=46028, tid=0x00000000000018cc
#
# JRE version:  (8.0) (build )
# Java VM: OpenJDK 64-Bit Server VM (25.71-b00 mixed mode windows-amd64 compressed oops)
# Failed to write core dump. Minidumps are not enabled by default on client versions of Windows
#

---------------  T H R E A D  ---------------

Current thread (0x0000000002472800):  JavaThread "Unknown thread" [_thread_in_vm, id=6348, stack(0x0000000002370000,0x0000000002470000)]

Stack: [0x0000000002370000,0x0000000002470000]
[error occurred during error reporting (printing stack bounds), id 0xc0000005]

Native frames: (J=compiled Java code, j=interpreted, Vv=VM code, C=native code)


---------------  P R O C E S S  ---------------

Java Threads: ( => current thread )

Other Threads:

=>0x0000000002472800 (exited) JavaThread "Unknown thread" [_thread_in_vm, id=6348, stack(0x0000000002370000,0x0000000002470000)]

VM state:not at safepoint (normal execution)

VM Mutex/Monitor currently owned by a thread: None

Heap:
 PSYoungGen      total 74240K, used 1280K [0x000000076dc00000, 0x0000000772e80000, 0x00000007c0000000)
  eden space 64000K, 2% used [0x000000076dc00000,0x000000076dd40010,0x0000000771a80000)
  from space 10240K, 0% used [0x0000000772480000,0x0000000772480000,0x0000000772e80000)
  to   space 10240K, 0% used [0x0000000771a80000,0x0000000771a80000,0x0000000772480000)
 ParOldGen       total 169472K, used 0K [0x00000006c9400000, 0x00000006d3980000, 0x000000076dc00000)
  object space 169472K, 0% used [0x00000006c9400000,0x00000006c9400000,0x00000006d3980000)
 Metaspace       used 777K, capacity 4480K, committed 4480K, reserved 1056768K
  class space    used 74K, capacity 384K, committed 384K, reserved 1048576K

Card table byte_map: [0x0000000011930000,0x00000000120f0000] byte_map_base: 0x000000000e2e6000

Marking Bits: (ParMarkBitMap*) 0x0000000071a6be50
 Begin Bits: [0x0000000013320000, 0x00000000170d0000)
 End Bits:   [0x00000000170d0000, 0x000000001ae80000)

Polling page: 0x0000000000a20000

CodeCache: size=245760Kb used=327Kb max_used=327Kb free=245432Kb
 bounds [0x0000000002570000, 0x00000000027e0000, 0x0000000011570000]
 total_blobs=56 nmethods=0 adapters=38
 compilation: enabled

Compilation events (0 events):
No events

GC Heap History (0 events):
No events

Deoptimization events (0 events):
No events

Classes redefined (0 events):
No events

Internal exceptions (0 events):
No events

Events (10 events):
Event: 0.013 loading class java/lang/Short
Event: 0.013 loading class java/lang/Short done
Event: 0.013 loading class java/lang/Integer
Event: 0.013 loading class java/lang/Integer done
Event: 0.013 loading class java/lang/Long
Event: 0.013 loading class java/lang/Long done
Event: 0.014 loading class java/lang/NullPointerException
Event: 0.014 loading class java/lang/NullPointerException done
Event: 0.014 loading class java/lang/ArithmeticException
Event: 0.014 loading class java/lang/ArithmeticException done


Dynamic libraries:
0x00007ff665150000 - 0x00007ff665185000 	C:\Program Files\Unity\Hub\Editor\2021.3.15f1\Editor\Data\PlaybackEngines\AndroidPlayer\OpenJDK\bin\java.exe
0x00007fff6acd0000 - 0x00007fff6aee4000 	C:\WINDOWS\SYSTEM32\ntdll.dll
0x00007fff6a460000 - 0x00007fff6a522000 	C:\WINDOWS\System32\KERNEL32.DLL
0x00007fff682d0000 - 0x00007fff68673000 	C:\WINDOWS\System32\KERNELBASE.dll
0x00007fff69530000 - 0x00007fff695de000 	C:\WINDOWS\System32\ADVAPI32.dll
0x00007fff69030000 - 0x00007fff690d7000 	C:\WINDOWS\System32\msvcrt.dll
0x00007fff68b30000 - 0x00007fff68bd4000 	C:\WINDOWS\System32\sechost.dll
0x00007fff6a540000 - 0x00007fff6a657000 	C:\WINDOWS\System32\RPCRT4.dll
0x00007fff68be0000 - 0x00007fff68d8b000 	C:\WINDOWS\System32\USER32.dll
0x00007fff68930000 - 0x00007fff68956000 	C:\WINDOWS\System32\win32u.dll
0x00007fff6a660000 - 0x00007fff6a689000 	C:\WINDOWS\System32\GDI32.dll
0x00007fff68680000 - 0x00007fff68798000 	C:\WINDOWS\System32\gdi32full.dll
0x00007fff68810000 - 0x00007fff688aa000 	C:\WINDOWS\System32\msvcp_win.dll
0x00007fff680f0000 - 0x00007fff68201000 	C:\WINDOWS\System32\ucrtbase.dll
0x00007fff54a80000 - 0x00007fff54d0e000 	C:\WINDOWS\WinSxS\amd64_microsoft.windows.common-controls_6595b64144ccf1df_6.0.22621.1635_none_270f70857386168e\COMCTL32.dll
0x00007fff69160000 - 0x00007fff69191000 	C:\WINDOWS\System32\IMM32.DLL
0x0000000072020000 - 0x00000000720f2000 	C:\Program Files\Unity\Hub\Editor\2021.3.15f1\Editor\Data\PlaybackEngines\AndroidPlayer\OpenJDK\jre\bin\msvcr100.dll
0x00000000712a0000 - 0x0000000071ae9000 	C:\Program Files\Unity\Hub\Editor\2021.3.15f1\Editor\Data\PlaybackEngines\AndroidPlayer\OpenJDK\jre\bin\server\jvm.dll
0x00007fff695e0000 - 0x00007fff695e8000 	C:\WINDOWS\System32\PSAPI.DLL
0x00007fff65d40000 - 0x00007fff65d74000 	C:\WINDOWS\SYSTEM32\WINMM.dll
0x00007fff62d10000 - 0x00007fff62d19000 	C:\WINDOWS\SYSTEM32\WSOCK32.dll
0x00007fff62bd0000 - 0x00007fff62bda000 	C:\WINDOWS\SYSTEM32\VERSION.dll
0x00007fff6a770000 - 0x00007fff6a7e1000 	C:\WINDOWS\System32\WS2_32.dll
0x00007fff50b10000 - 0x00007fff50b1f000 	C:\Program Files\Unity\Hub\Editor\2021.3.15f1\Editor\Data\PlaybackEngines\AndroidPlayer\OpenJDK\jre\bin\verify.dll
0x00007fff4afe0000 - 0x00007fff4b009000 	C:\Program Files\Unity\Hub\Editor\2021.3.15f1\Editor\Data\PlaybackEngines\AndroidPlayer\OpenJDK\jre\bin\java.dll
0x00007fff4daa0000 - 0x00007fff4dab6000 	C:\Program Files\Unity\Hub\Editor\2021.3.15f1\Editor\Data\PlaybackEngines\AndroidPlayer\OpenJDK\jre\bin\zip.dll

VM Arguments:
jvm_args: -Dfile.encoding=UTF-8 
java_command: org.gradle.launcher.GradleMain -Dorg.gradle.jvmargs=-Xmx4096m --stop
java_class_path (initial): C:\Program Files\Unity\Hub\Editor\2021.3.15f1\Editor\Data\PlaybackEngines\AndroidPlayer\Tools\gradle\lib\gradle-launcher-6.1.1.jar
Launcher Type: SUN_STANDARD

Environment Variables:
JAVA_HOME=C:\Program Files\Unity\Hub\Editor\2021.3.15f1\Editor\Data\PlaybackEngines\AndroidPlayer\OpenJDK
JAVA_TOOL_OPTIONS=-Dfile.encoding=UTF-8
PATH=C:\Windows\system32;C:\Windows;C:\Windows\System32\Wbem;C:\Windows\System32\WindowsPowerShell\v1.0\;C:\Windows\System32\OpenSSH\;C:\Program Files (x86)\NVIDIA Corporation\PhysX\Common;C:\Program Files\NVIDIA Corporation\NVIDIA NvDLISR;C:\WINDOWS\system32;C:\WINDOWS;C:\WINDOWS\System32\Wbem;C:\WINDOWS\System32\WindowsPowerShell\v1.0\;C:\WINDOWS\System32\OpenSSH\;C:\Users\danie\AppData\Local\Microsoft\WindowsApps;
USERNAME=danie
OS=Windows_NT
PROCESSOR_IDENTIFIER=AMD64 Family 23 Model 96 Stepping 1, AuthenticAMD



---------------  S Y S T E M  ---------------

OS: Windows 10.0 , 64 bit Build 22621 (10.0.22621.1635)

CPU:total 16 (initial active 16) (16 cores per cpu, 1 threads per core) family 23 model 96 stepping 1, cmov, cx8, fxsr, mmx, sse, sse2, sse3, ssse3, sse4.1, sse4.2, popcnt, avx, avx2, aes, clmul, mmxext, 3dnowpref, lzcnt, sse4a, tsc, tscinvbit, tscinv, bmi1

Memory: 4k page, physical 16168520k(5107640k free), swap 24360520k(5316k free)

vm_info: OpenJDK 64-Bit Server VM (25.71-b00) for windows-amd64 JRE (1.8.0-adoptopenjdk-_2018_05_19_00_59-b00), built on May 19 2018 01:02:12 by "jenkins" with MS VC++ 10.0 (VS2010)

time: Sat May 27 13:44:46 2023
elapsed time: 0 seconds (0d 0h 0m 0s)

