#
# There is insufficient memory for the Java Runtime Environment to continue.
# Native memory allocation (mmap) failed to map 260046848 bytes for Failed to commit area from 0x0000000709400000 to 0x0000000718c00000 of length 260046848.
# Possible reasons:
#   The system is out of physical RAM or swap space
#   The process is running with CompressedOops enabled, and the Java Heap may be blocking the growth of the native heap
# Possible solutions:
#   Reduce memory load on the system
#   Increase physical memory or swap space
#   Check if swap backing store is full
#   Decrease Java heap size (-Xmx/-Xms)
#   Decrease number of Java threads
#   Decrease Java thread stack sizes (-Xss)
#   Set larger code cache with -XX:ReservedCodeCacheSize=
# This output file may be truncated or incomplete.
#
#  Out of Memory Error (./src/hotspot/os/windows/os_windows.cpp:3387), pid=25040, tid=25864
#
# JRE version:  (11.0.14.1+1) (build )
# Java VM: OpenJDK 64-Bit Server VM (11.0.14.1+1, mixed mode, sharing, tiered, compressed oops, g1 gc, windows-amd64)
# No core dump will be written. Minidumps are not enabled by default on client versions of Windows
#

---------------  S U M M A R Y ------------

Command Line: 

Host: AMD Ryzen 9 4900HS with Radeon Graphics         , 16 cores, 15G,  Windows 11 , 64 bit Build 22621 (10.0.22621.3672)
Time: Fri Jul 12 15:41:37 2024 Pacific Daylight Time elapsed time: 0.017049 seconds (0d 0h 0m 0s)

---------------  T H R E A D  ---------------

Current thread (0x0000026d4c7ed800):  JavaThread "Unknown thread" [_thread_in_vm, id=25864, stack(0x000000b6dd600000,0x000000b6dd700000)]

Stack: [0x000000b6dd600000,0x000000b6dd700000]
Native frames: (J=compiled Java code, j=interpreted, Vv=VM code, C=native code)
V  [jvm.dll+0x61e59a]
V  [jvm.dll+0x7aaca9]
V  [jvm.dll+0x7ac398]
V  [jvm.dll+0x7aca73]
V  [jvm.dll+0x24f9b8]
V  [jvm.dll+0x61b83a]
V  [jvm.dll+0x6100c5]
V  [jvm.dll+0x30772c]
V  [jvm.dll+0x3075b2]
V  [jvm.dll+0x30c2d6]
V  [jvm.dll+0x35272f]
V  [jvm.dll+0x352160]
V  [jvm.dll+0x2e4728]
V  [jvm.dll+0x2e5886]
V  [jvm.dll+0x784b07]
V  [jvm.dll+0x78628f]
V  [jvm.dll+0x35f479]
V  [jvm.dll+0x767aa0]
V  [jvm.dll+0x3ccf1f]
V  [jvm.dll+0x3cf2b1]
C  [jli.dll+0x5207]
C  [ucrtbase.dll+0x29333]
C  [KERNEL32.DLL+0x1257d]
C  [ntdll.dll+0x5af28]


---------------  P R O C E S S  ---------------

Threads class SMR info:
_java_thread_list=0x0000026d4a4955c0, length=0, elements={
}

Java Threads: ( => current thread )

Other Threads:
  0x0000026d4c806800 GCTaskThread "GC Thread#0" [stack: 0x000000b6dd700000,0x000000b6dd800000] [id=36372]
  0x0000026d4c862800 ConcurrentGCThread "G1 Main Marker" [stack: 0x000000b6dd800000,0x000000b6dd900000] [id=25220]
  0x0000026d4c865000 ConcurrentGCThread "G1 Conc#0" [stack: 0x000000b6dd900000,0x000000b6dda00000] [id=30368]

[error occurred during error reporting (printing all threads), id 0xc0000005, EXCEPTION_ACCESS_VIOLATION (0xc0000005) at pc=0x00007ff9c5a13ef7]

VM state:not at safepoint (not fully initialized)

VM Mutex/Monitor currently owned by a thread:  ([mutex/lock_event])
[0x0000026d4c7ebaa0] Heap_lock - owner thread: 0x0000026d4c7ed800

Heap address: 0x0000000709400000, size: 3948 MB, Compressed Oops mode: Non-zero based: 0x0000000709400000
Narrow klass base: 0x0000000000000000, Narrow klass shift: 0

GC Heap History (0 events):
No events

Deoptimization events (0 events):
No events

Classes redefined (0 events):
No events

Internal exceptions (0 events):
No events

Events (1 events):
Event: 0.007 Loaded shared library C:\Program Files\Unity\Hub\Editor\2023.2.12f1\Editor\Data\PlaybackEngines\AndroidPlayer\OpenJDK\bin\zip.dll


Dynamic libraries:
0x00007ff63e5f0000 - 0x00007ff63e5fd000 	C:\Program Files\Unity\Hub\Editor\2023.2.12f1\Editor\Data\PlaybackEngines\AndroidPlayer\OpenJDK\bin\java.exe
0x00007ffa34390000 - 0x00007ffa345a7000 	C:\WINDOWS\SYSTEM32\ntdll.dll
0x00007ffa32c10000 - 0x00007ffa32cd4000 	C:\WINDOWS\System32\KERNEL32.DLL
0x00007ffa31830000 - 0x00007ffa31bdd000 	C:\WINDOWS\System32\KERNELBASE.dll
0x00007ffa31d00000 - 0x00007ffa31e11000 	C:\WINDOWS\System32\ucrtbase.dll
0x00007ffa22000000 - 0x00007ffa22017000 	C:\Program Files\Unity\Hub\Editor\2023.2.12f1\Editor\Data\PlaybackEngines\AndroidPlayer\OpenJDK\bin\jli.dll
0x00007ffa21bf0000 - 0x00007ffa21c05000 	C:\Program Files\Unity\Hub\Editor\2023.2.12f1\Editor\Data\PlaybackEngines\AndroidPlayer\OpenJDK\bin\VCRUNTIME140.dll
0x00007ffa32f10000 - 0x00007ffa330be000 	C:\WINDOWS\System32\USER32.dll
0x00007ffa1ad10000 - 0x00007ffa1afa3000 	C:\WINDOWS\WinSxS\amd64_microsoft.windows.common-controls_6595b64144ccf1df_6.0.22621.3672_none_2713b9d173822955\COMCTL32.dll
0x00007ffa31c10000 - 0x00007ffa31c36000 	C:\WINDOWS\System32\win32u.dll
0x00007ffa32a80000 - 0x00007ffa32b27000 	C:\WINDOWS\System32\msvcrt.dll
0x00007ffa32b30000 - 0x00007ffa32b59000 	C:\WINDOWS\System32\GDI32.dll
0x00007ffa31f10000 - 0x00007ffa32029000 	C:\WINDOWS\System32\gdi32full.dll
0x00007ffa32030000 - 0x00007ffa320ca000 	C:\WINDOWS\System32\msvcp_win.dll
0x00007ffa32ed0000 - 0x00007ffa32f01000 	C:\WINDOWS\System32\IMM32.DLL
0x00007ff9e85a0000 - 0x00007ff9e863b000 	C:\Program Files\Unity\Hub\Editor\2023.2.12f1\Editor\Data\PlaybackEngines\AndroidPlayer\OpenJDK\bin\msvcp140.dll
0x00007ff9c5720000 - 0x00007ff9c62a1000 	C:\Program Files\Unity\Hub\Editor\2023.2.12f1\Editor\Data\PlaybackEngines\AndroidPlayer\OpenJDK\bin\server\jvm.dll
0x00007ffa32ce0000 - 0x00007ffa32d92000 	C:\WINDOWS\System32\ADVAPI32.dll
0x00007ffa32b60000 - 0x00007ffa32c09000 	C:\WINDOWS\System32\sechost.dll
0x00007ffa31be0000 - 0x00007ffa31c08000 	C:\WINDOWS\System32\bcrypt.dll
0x00007ffa340e0000 - 0x00007ffa341f4000 	C:\WINDOWS\System32\RPCRT4.dll
0x00007ffa329a0000 - 0x00007ffa329a8000 	C:\WINDOWS\System32\PSAPI.DLL
0x00007ffa09b00000 - 0x00007ffa09b09000 	C:\WINDOWS\SYSTEM32\WSOCK32.dll
0x00007ffa2f0d0000 - 0x00007ffa2f104000 	C:\WINDOWS\SYSTEM32\WINMM.dll
0x00007ffa2a490000 - 0x00007ffa2a49a000 	C:\WINDOWS\SYSTEM32\VERSION.dll
0x00007ffa329d0000 - 0x00007ffa32a41000 	C:\WINDOWS\System32\WS2_32.dll
0x00007ffa306f0000 - 0x00007ffa30708000 	C:\WINDOWS\SYSTEM32\kernel.appcore.dll
0x00007ffa21ff0000 - 0x00007ffa22000000 	C:\Program Files\Unity\Hub\Editor\2023.2.12f1\Editor\Data\PlaybackEngines\AndroidPlayer\OpenJDK\bin\verify.dll
0x00007ffa2ee70000 - 0x00007ffa2f0a2000 	C:\WINDOWS\SYSTEM32\DBGHELP.DLL
0x00007ffa33d50000 - 0x00007ffa340d8000 	C:\WINDOWS\System32\combase.dll
0x00007ffa32df0000 - 0x00007ffa32ec7000 	C:\WINDOWS\System32\OLEAUT32.dll
0x00007ffa2ee30000 - 0x00007ffa2ee62000 	C:\WINDOWS\SYSTEM32\dbgcore.DLL
0x00007ffa31e20000 - 0x00007ffa31e9b000 	C:\WINDOWS\System32\bcryptPrimitives.dll
0x00007ffa0a7b0000 - 0x00007ffa0a7d8000 	C:\Program Files\Unity\Hub\Editor\2023.2.12f1\Editor\Data\PlaybackEngines\AndroidPlayer\OpenJDK\bin\java.dll
0x00007ffa21be0000 - 0x00007ffa21bea000 	C:\Program Files\Unity\Hub\Editor\2023.2.12f1\Editor\Data\PlaybackEngines\AndroidPlayer\OpenJDK\bin\jimage.dll
0x00007ffa0a790000 - 0x00007ffa0a7a8000 	C:\Program Files\Unity\Hub\Editor\2023.2.12f1\Editor\Data\PlaybackEngines\AndroidPlayer\OpenJDK\bin\zip.dll

dbghelp: loaded successfully - version: 4.0.5 - missing functions: none
symbol engine: initialized successfully - sym options: 0x614 - pdb path: .;C:\Program Files\Unity\Hub\Editor\2023.2.12f1\Editor\Data\PlaybackEngines\AndroidPlayer\OpenJDK\bin;C:\WINDOWS\SYSTEM32;C:\WINDOWS\WinSxS\amd64_microsoft.windows.common-controls_6595b64144ccf1df_6.0.22621.3672_none_2713b9d173822955;C:\Program Files\Unity\Hub\Editor\2023.2.12f1\Editor\Data\PlaybackEngines\AndroidPlayer\OpenJDK\bin\server

VM Arguments:
java_command: <unknown>
java_class_path (initial): <not set>
Launcher Type: SUN_STANDARD

[Global flags]
     intx CICompilerCount                          = 12                                        {product} {ergonomic}
     uint ConcGCThreads                            = 3                                         {product} {ergonomic}
     uint G1ConcRefinementThreads                  = 13                                        {product} {ergonomic}
   size_t G1HeapRegionSize                         = 1048576                                   {product} {ergonomic}
    uintx GCDrainStackTargetSize                   = 64                                        {product} {ergonomic}
   size_t InitialHeapSize                          = 260046848                                 {product} {ergonomic}
   size_t MarkStackSize                            = 4194304                                   {product} {ergonomic}
   size_t MaxHeapSize                              = 4139778048                                {product} {ergonomic}
   size_t MinHeapDeltaBytes                        = 1048576                                   {product} {ergonomic}
    uintx NonNMethodCodeHeapSize                   = 7594288                                {pd product} {ergonomic}
    uintx NonProfiledCodeHeapSize                  = 122031976                              {pd product} {ergonomic}
    uintx ProfiledCodeHeapSize                     = 122031976                              {pd product} {ergonomic}
    uintx ReservedCodeCacheSize                    = 251658240                              {pd product} {ergonomic}
     bool SegmentedCodeCache                       = true                                      {product} {ergonomic}
     bool UseCompressedClassPointers               = true                                 {lp64_product} {ergonomic}
     bool UseCompressedOops                        = true                                 {lp64_product} {ergonomic}
     bool UseG1GC                                  = true                                      {product} {ergonomic}
     bool UseLargePagesIndividualAllocation        = false                                  {pd product} {ergonomic}

Logging:
Log output configuration:
 #0: stdout all=warning uptime,level,tags
 #1: stderr all=off uptime,level,tags

Environment Variables:
JAVA_HOME=C:\Program Files\Unity\Hub\Editor\2023.2.12f1\Editor\Data\PlaybackEngines\AndroidPlayer\OpenJDK
PATH=C:\Program Files\Common Files\Oracle\Java\javapath;C:\Windows\system32;C:\Windows;C:\Windows\System32\Wbem;C:\Windows\System32\WindowsPowerShell\v1.0\;C:\Windows\System32\OpenSSH\;C:\Program Files (x86)\NVIDIA Corporation\PhysX\Common;C:\Program Files\NVIDIA Corporation\NVIDIA NvDLISR;C:\WINDOWS\system32;C:\WINDOWS;C:\WINDOWS\System32\Wbem;C:\WINDOWS\System32\WindowsPowerShell\v1.0\;C:\WINDOWS\System32\OpenSSH\;C:\Program Files\Git\cmd;C:\Program Files\Git LFS;C:\Program Files\dotnet\;C:\Users\danie\AppData\Local\Microsoft\WindowsApps;C:\Users\danie\AppData\Local\GitHubDesktop\bin
USERNAME=danie
OS=Windows_NT
PROCESSOR_IDENTIFIER=AMD64 Family 23 Model 96 Stepping 1, AuthenticAMD



---------------  S Y S T E M  ---------------

OS: Windows 11 , 64 bit Build 22621 (10.0.22621.3672)
OS uptime: 1 days 14:10 hours

CPU:total 16 (initial active 16) (16 cores per cpu, 2 threads per core) family 23 model 96 stepping 1 microcode 0x0, cmov, cx8, fxsr, mmx, sse, sse2, sse3, ssse3, sse4.1, sse4.2, popcnt, avx, avx2, aes, clmul, mmxext, 3dnowpref, lzcnt, sse4a, ht, tsc, tscinvbit, tscinv, bmi1, bmi2, adx, sha, fma

Memory: 4k page, system-wide physical 15789M (1965M free)
TotalPageFile size 23789M (AvailPageFile size 84M)
current process WorkingSet (physical memory assigned to process): 11M, peak: 11M
current process commit charge ("private bytes"): 71M, peak: 319M

vm_info: OpenJDK 64-Bit Server VM (11.0.14.1+1) for windows-amd64 JRE (11.0.14.1+1), built on Feb  9 2022 01:48:27 by "" with unknown MS VC++:1916

END.
