#
# There is insufficient memory for the Java Runtime Environment to continue.
# Native memory allocation (mmap) failed to map 260046848 bytes for Failed to commit area from 0x0000000709400000 to 0x0000000718c00000 of length 260046848.
# Possible reasons:
#   The system is out of physical RAM or swap space
#   The process is running with CompressedOops enabled, and the Java Heap may be blocking the growth of the native heap
# Possible solutions:
#   Reduce memory load on the system
#   Increase physical memory or swap space
#   Check if swap backing store is full
#   Decrease Java heap size (-Xmx/-Xms)
#   Decrease number of Java threads
#   Decrease Java thread stack sizes (-Xss)
#   Set larger code cache with -XX:ReservedCodeCacheSize=
# This output file may be truncated or incomplete.
#
#  Out of Memory Error (./src/hotspot/os/windows/os_windows.cpp:3387), pid=37020, tid=3048
#
# JRE version:  (11.0.14.1+1) (build )
# Java VM: OpenJDK 64-Bit Server VM (11.0.14.1+1, mixed mode, sharing, tiered, compressed oops, g1 gc, windows-amd64)
# No core dump will be written. Minidumps are not enabled by default on client versions of Windows
#

---------------  S U M M A R Y ------------

Command Line: 

Host: AMD Ryzen 9 4900HS with Radeon Graphics         , 16 cores, 15G,  Windows 11 , 64 bit Build 22621 (10.0.22621.3672)
Time: Tue Aug 20 16:26:24 2024 Pacific Daylight Time elapsed time: 0.016298 seconds (0d 0h 0m 0s)

---------------  T H R E A D  ---------------

Current thread (0x0000021834960000):  JavaThread "Unknown thread" [_thread_in_vm, id=3048, stack(0x0000004d31300000,0x0000004d31400000)]

Stack: [0x0000004d31300000,0x0000004d31400000]
Native frames: (J=compiled Java code, j=interpreted, Vv=VM code, C=native code)
V  [jvm.dll+0x61e59a]
V  [jvm.dll+0x7aaca9]
V  [jvm.dll+0x7ac398]
V  [jvm.dll+0x7aca73]
V  [jvm.dll+0x24f9b8]
V  [jvm.dll+0x61b83a]
V  [jvm.dll+0x6100c5]
V  [jvm.dll+0x30772c]
V  [jvm.dll+0x3075b2]
V  [jvm.dll+0x30c2d6]
V  [jvm.dll+0x35272f]
V  [jvm.dll+0x352160]
V  [jvm.dll+0x2e4728]
V  [jvm.dll+0x2e5886]
V  [jvm.dll+0x784b07]
V  [jvm.dll+0x78628f]
V  [jvm.dll+0x35f479]
V  [jvm.dll+0x767aa0]
V  [jvm.dll+0x3ccf1f]
V  [jvm.dll+0x3cf2b1]
C  [jli.dll+0x5207]
C  [ucrtbase.dll+0x29333]
C  [KERNEL32.DLL+0x1257d]
C  [ntdll.dll+0x5af28]


---------------  P R O C E S S  ---------------

Threads class SMR info:
_java_thread_list=0x0000021832655e00, length=0, elements={
}

Java Threads: ( => current thread )

Other Threads:
  0x0000021834978800 GCTaskThread "GC Thread#0" [stack: 0x0000004d31400000,0x0000004d31500000] [id=98796]
  0x00000218349d6000 ConcurrentGCThread "G1 Main Marker" [stack: 0x0000004d31500000,0x0000004d31600000] [id=69596]
  0x00000218349d8000 ConcurrentGCThread "G1 Conc#0" [stack: 0x0000004d31600000,0x0000004d31700000] [id=32632]

[error occurred during error reporting (printing all threads), id 0xc0000005, EXCEPTION_ACCESS_VIOLATION (0xc0000005) at pc=0x00007fffc55c3ef7]

VM state:not at safepoint (not fully initialized)

VM Mutex/Monitor currently owned by a thread:  ([mutex/lock_event])
[0x000002183495cb50] Heap_lock - owner thread: 0x0000021834960000

Heap address: 0x0000000709400000, size: 3948 MB, Compressed Oops mode: Non-zero based: 0x0000000709400000
Narrow klass base: 0x0000000000000000, Narrow klass shift: 0

GC Heap History (0 events):
No events

Deoptimization events (0 events):
No events

Classes redefined (0 events):
No events

Internal exceptions (0 events):
No events

Events (1 events):
Event: 0.006 Loaded shared library C:\Program Files\Unity\Hub\Editor\2023.2.12f1\Editor\Data\PlaybackEngines\AndroidPlayer\OpenJDK\bin\zip.dll


Dynamic libraries:
0x00007ff7edab0000 - 0x00007ff7edabd000 	C:\Program Files\Unity\Hub\Editor\2023.2.12f1\Editor\Data\PlaybackEngines\AndroidPlayer\OpenJDK\bin\java.exe
0x00007ff856cf0000 - 0x00007ff856f07000 	C:\WINDOWS\SYSTEM32\ntdll.dll
0x00007ff855520000 - 0x00007ff8555e4000 	C:\WINDOWS\System32\KERNEL32.DLL
0x00007ff854260000 - 0x00007ff85460d000 	C:\WINDOWS\System32\KERNELBASE.dll
0x00007ff854910000 - 0x00007ff854a21000 	C:\WINDOWS\System32\ucrtbase.dll
0x00007ff822c40000 - 0x00007ff822c57000 	C:\Program Files\Unity\Hub\Editor\2023.2.12f1\Editor\Data\PlaybackEngines\AndroidPlayer\OpenJDK\bin\jli.dll
0x00007ff8160f0000 - 0x00007ff816105000 	C:\Program Files\Unity\Hub\Editor\2023.2.12f1\Editor\Data\PlaybackEngines\AndroidPlayer\OpenJDK\bin\VCRUNTIME140.dll
0x00007ff855370000 - 0x00007ff85551e000 	C:\WINDOWS\System32\USER32.dll
0x00007ff8444f0000 - 0x00007ff844783000 	C:\WINDOWS\WinSxS\amd64_microsoft.windows.common-controls_6595b64144ccf1df_6.0.22621.3672_none_2713b9d173822955\COMCTL32.dll
0x00007ff854820000 - 0x00007ff854846000 	C:\WINDOWS\System32\win32u.dll
0x00007ff8550f0000 - 0x00007ff855197000 	C:\WINDOWS\System32\msvcrt.dll
0x00007ff854b40000 - 0x00007ff854b69000 	C:\WINDOWS\System32\GDI32.dll
0x00007ff854680000 - 0x00007ff854799000 	C:\WINDOWS\System32\gdi32full.dll
0x00007ff854020000 - 0x00007ff8540ba000 	C:\WINDOWS\System32\msvcp_win.dll
0x00007ff8551a0000 - 0x00007ff8551d1000 	C:\WINDOWS\System32\IMM32.DLL
0x00007ff80ef30000 - 0x00007ff80efcb000 	C:\Program Files\Unity\Hub\Editor\2023.2.12f1\Editor\Data\PlaybackEngines\AndroidPlayer\OpenJDK\bin\msvcp140.dll
0x00007fffc52d0000 - 0x00007fffc5e51000 	C:\Program Files\Unity\Hub\Editor\2023.2.12f1\Editor\Data\PlaybackEngines\AndroidPlayer\OpenJDK\bin\server\jvm.dll
0x00007ff854a30000 - 0x00007ff854ae2000 	C:\WINDOWS\System32\ADVAPI32.dll
0x00007ff855040000 - 0x00007ff8550e9000 	C:\WINDOWS\System32\sechost.dll
0x00007ff854230000 - 0x00007ff854258000 	C:\WINDOWS\System32\bcrypt.dll
0x00007ff8559a0000 - 0x00007ff855ab4000 	C:\WINDOWS\System32\RPCRT4.dll
0x00007ff856720000 - 0x00007ff856728000 	C:\WINDOWS\System32\PSAPI.DLL
0x00007ff84cd70000 - 0x00007ff84cd7a000 	C:\WINDOWS\SYSTEM32\VERSION.dll
0x00007ff851a30000 - 0x00007ff851a64000 	C:\WINDOWS\SYSTEM32\WINMM.dll
0x00007ff8316b0000 - 0x00007ff8316b9000 	C:\WINDOWS\SYSTEM32\WSOCK32.dll
0x00007ff856bc0000 - 0x00007ff856c31000 	C:\WINDOWS\System32\WS2_32.dll
0x00007ff853050000 - 0x00007ff853068000 	C:\WINDOWS\SYSTEM32\kernel.appcore.dll
0x00007ff827440000 - 0x00007ff827450000 	C:\Program Files\Unity\Hub\Editor\2023.2.12f1\Editor\Data\PlaybackEngines\AndroidPlayer\OpenJDK\bin\verify.dll
0x00007ff8517f0000 - 0x00007ff851a22000 	C:\WINDOWS\SYSTEM32\DBGHELP.DLL
0x00007ff856830000 - 0x00007ff856bb8000 	C:\WINDOWS\System32\combase.dll
0x00007ff855290000 - 0x00007ff855367000 	C:\WINDOWS\System32\OLEAUT32.dll
0x00007ff851790000 - 0x00007ff8517c2000 	C:\WINDOWS\SYSTEM32\dbgcore.DLL
0x00007ff8547a0000 - 0x00007ff85481b000 	C:\WINDOWS\System32\bcryptPrimitives.dll
0x00007ff811b50000 - 0x00007ff811b78000 	C:\Program Files\Unity\Hub\Editor\2023.2.12f1\Editor\Data\PlaybackEngines\AndroidPlayer\OpenJDK\bin\java.dll
0x00007ff8243f0000 - 0x00007ff8243fa000 	C:\Program Files\Unity\Hub\Editor\2023.2.12f1\Editor\Data\PlaybackEngines\AndroidPlayer\OpenJDK\bin\jimage.dll
0x00007ff814f40000 - 0x00007ff814f58000 	C:\Program Files\Unity\Hub\Editor\2023.2.12f1\Editor\Data\PlaybackEngines\AndroidPlayer\OpenJDK\bin\zip.dll

dbghelp: loaded successfully - version: 4.0.5 - missing functions: none
symbol engine: initialized successfully - sym options: 0x614 - pdb path: .;C:\Program Files\Unity\Hub\Editor\2023.2.12f1\Editor\Data\PlaybackEngines\AndroidPlayer\OpenJDK\bin;C:\WINDOWS\SYSTEM32;C:\WINDOWS\WinSxS\amd64_microsoft.windows.common-controls_6595b64144ccf1df_6.0.22621.3672_none_2713b9d173822955;C:\Program Files\Unity\Hub\Editor\2023.2.12f1\Editor\Data\PlaybackEngines\AndroidPlayer\OpenJDK\bin\server

VM Arguments:
java_command: <unknown>
java_class_path (initial): <not set>
Launcher Type: SUN_STANDARD

[Global flags]
     intx CICompilerCount                          = 12                                        {product} {ergonomic}
     uint ConcGCThreads                            = 3                                         {product} {ergonomic}
     uint G1ConcRefinementThreads                  = 13                                        {product} {ergonomic}
   size_t G1HeapRegionSize                         = 1048576                                   {product} {ergonomic}
    uintx GCDrainStackTargetSize                   = 64                                        {product} {ergonomic}
   size_t InitialHeapSize                          = 260046848                                 {product} {ergonomic}
   size_t MarkStackSize                            = 4194304                                   {product} {ergonomic}
   size_t MaxHeapSize                              = 4139778048                                {product} {ergonomic}
   size_t MinHeapDeltaBytes                        = 1048576                                   {product} {ergonomic}
    uintx NonNMethodCodeHeapSize                   = 7594288                                {pd product} {ergonomic}
    uintx NonProfiledCodeHeapSize                  = 122031976                              {pd product} {ergonomic}
    uintx ProfiledCodeHeapSize                     = 122031976                              {pd product} {ergonomic}
    uintx ReservedCodeCacheSize                    = 251658240                              {pd product} {ergonomic}
     bool SegmentedCodeCache                       = true                                      {product} {ergonomic}
     bool UseCompressedClassPointers               = true                                 {lp64_product} {ergonomic}
     bool UseCompressedOops                        = true                                 {lp64_product} {ergonomic}
     bool UseG1GC                                  = true                                      {product} {ergonomic}
     bool UseLargePagesIndividualAllocation        = false                                  {pd product} {ergonomic}

Logging:
Log output configuration:
 #0: stdout all=warning uptime,level,tags
 #1: stderr all=off uptime,level,tags

Environment Variables:
JAVA_HOME=C:\Program Files\Unity\Hub\Editor\2023.2.12f1\Editor\Data\PlaybackEngines\AndroidPlayer\OpenJDK
PATH=C:\Program Files\Common Files\Oracle\Java\javapath;C:\Windows\system32;C:\Windows;C:\Windows\System32\Wbem;C:\Windows\System32\WindowsPowerShell\v1.0\;C:\Windows\System32\OpenSSH\;C:\Program Files (x86)\NVIDIA Corporation\PhysX\Common;C:\Program Files\NVIDIA Corporation\NVIDIA NvDLISR;C:\WINDOWS\system32;C:\WINDOWS;C:\WINDOWS\System32\Wbem;C:\WINDOWS\System32\WindowsPowerShell\v1.0\;C:\WINDOWS\System32\OpenSSH\;C:\Program Files\Git\cmd;C:\Program Files\Git LFS;C:\Program Files\dotnet\;C:\Users\danie\AppData\Local\Microsoft\WindowsApps;C:\Users\danie\AppData\Local\GitHubDesktop\bin
USERNAME=danie
OS=Windows_NT
PROCESSOR_IDENTIFIER=AMD64 Family 23 Model 96 Stepping 1, AuthenticAMD



---------------  S Y S T E M  ---------------

OS: Windows 11 , 64 bit Build 22621 (10.0.22621.3672)
OS uptime: 16 days 2:29 hours

CPU:total 16 (initial active 16) (16 cores per cpu, 2 threads per core) family 23 model 96 stepping 1 microcode 0x0, cmov, cx8, fxsr, mmx, sse, sse2, sse3, ssse3, sse4.1, sse4.2, popcnt, avx, avx2, aes, clmul, mmxext, 3dnowpref, lzcnt, sse4a, ht, tsc, tscinvbit, tscinv, bmi1, bmi2, adx, sha, fma

Memory: 4k page, system-wide physical 15789M (1486M free)
TotalPageFile size 23789M (AvailPageFile size 163M)
current process WorkingSet (physical memory assigned to process): 11M, peak: 11M
current process commit charge ("private bytes"): 71M, peak: 319M

vm_info: OpenJDK 64-Bit Server VM (11.0.14.1+1) for windows-amd64 JRE (11.0.14.1+1), built on Feb  9 2022 01:48:27 by "" with unknown MS VC++:1916

END.
